e:\school\myprograms\cardstuff1\engine\x64\debug\vc140.pdb
e:\school\myprograms\cardstuff1\engine\x64\debug\vc140.idb
e:\school\myprograms\cardstuff1\engine\x64\debug\engine.obj
e:\school\myprograms\cardstuff1\engine\x64\debug\game.obj
e:\school\myprograms\cardstuff1\engine\x64\debug\gameobject.obj
e:\school\myprograms\cardstuff1\engine\x64\debug\tile.obj
e:\school\myprograms\cardstuff1\engine\x64\debug\tiletypes.obj
e:\school\myprograms\cardstuff1\engine\x64\debug\stdafx.obj
e:\school\myprograms\cardstuff1\engine\x64\debug\engine.ilk
e:\school\myprograms\cardstuff1\engine\x64\debug\engine.exe
e:\school\myprograms\cardstuff1\engine\x64\debug\engine.pdb
e:\school\myprograms\cardstuff1\engine\x64\debug\game.obj.enc
e:\school\myprograms\cardstuff1\engine\x64\debug\tile.obj.enc
e:\school\myprograms\cardstuff1\engine\x64\debug\tiletypes.obj.enc
e:\school\myprograms\cardstuff1\engine\x64\debug\engine.tlog\cl.command.1.tlog
e:\school\myprograms\cardstuff1\engine\x64\debug\engine.tlog\cl.read.1.tlog
e:\school\myprograms\cardstuff1\engine\x64\debug\engine.tlog\cl.write.1.tlog
e:\school\myprograms\cardstuff1\engine\x64\debug\engine.tlog\link.command.1.tlog
e:\school\myprograms\cardstuff1\engine\x64\debug\engine.tlog\link.read.1.tlog
e:\school\myprograms\cardstuff1\engine\x64\debug\engine.tlog\link.write.1.tlog
